2024-11-12 21:45:02,243 - INFO - ________________________________________________________________________________________________________________________
2024-11-12 21:45:02,243 - INFO - Starting Episode 1
2024-11-12 21:45:02,243 - DEBUG - Selecting action...
2024-11-12 21:45:02,244 - DEBUG - Action selected: [ 0.09280829  0.1733616   0.12059955 -0.14823423  0.0603676  -0.23439972
 -0.08240755  0.06084378  0.01189709 -0.16743878 -0.04812236  0.0349157
  0.2815559  -0.06486201]
2024-11-12 21:45:02,244 - DEBUG - Taking step in environment...
2024-11-12 21:45:02,244 - DEBUG - Step taken, reward: -0.6927592966477762, done: False
2024-11-12 21:45:02,244 - DEBUG - Getting value from critic...
2024-11-12 21:45:02,244 - DEBUG - Value obtained: -0.09122076630592346
2024-11-12 21:45:02,245 - DEBUG - Selecting action...
2024-11-12 21:45:02,245 - DEBUG - Action selected: [ 0.09316088  0.17243645  0.12031672 -0.14915296  0.06066911 -0.23621255
 -0.08309463  0.06131104  0.01242223 -0.16587485 -0.05063592  0.0373955
  0.2824469  -0.06508874]
2024-11-12 21:45:02,245 - DEBUG - Taking step in environment...
2024-11-12 21:45:02,245 - DEBUG - Step taken, reward: -0.9634129646087195, done: False
2024-11-12 21:45:02,245 - DEBUG - Getting value from critic...
2024-11-12 21:45:02,245 - DEBUG - Value obtained: -0.08860491216182709
2024-11-12 21:45:02,245 - DEBUG - Selecting action...
2024-11-12 21:45:02,245 - DEBUG - Action selected: [ 0.09350698  0.1715165   0.12002189 -0.1500767   0.06097755 -0.23802678
 -0.08378279  0.06179254  0.01296118 -0.1643082  -0.05316366  0.039874
  0.28335857 -0.06529346]
2024-11-12 21:45:02,245 - DEBUG - Taking step in environment...
2024-11-12 21:45:02,245 - DEBUG - Step taken, reward: -1.2424563621859956, done: True
2024-11-12 21:45:02,245 - DEBUG - Getting value from critic...
2024-11-12 21:45:02,246 - DEBUG - Value obtained: -0.08589209616184235
2024-11-12 21:45:02,246 - INFO - Episode 1 finished, starting agent update...
2024-11-12 21:45:02,268 - INFO - Episode 1, Reward: -2.8986286234424914, Time: 0.03 seconds
2024-11-12 21:45:02,268 - INFO - ________________________________________________________________________________________________________________________
2024-11-12 21:45:02,268 - INFO - Starting Episode 2
2024-11-12 21:45:02,268 - DEBUG - Selecting action...
2024-11-12 21:45:02,269 - DEBUG - Action selected: [ 0.16290043  0.062148    0.11798744 -0.17681044  0.17542271 -0.31919605
 -0.16531333  0.03827382  0.11150163 -0.02594771 -0.16689554  0.19553183
  0.2048891  -0.07122932]
2024-11-12 21:45:02,269 - DEBUG - Taking step in environment...
2024-11-12 21:45:02,269 - DEBUG - Step taken, reward: -0.8075352533972574, done: False
2024-11-12 21:45:02,269 - DEBUG - Getting value from critic...
2024-11-12 21:45:02,269 - DEBUG - Value obtained: -0.3480001986026764
2024-11-12 21:45:02,269 - DEBUG - Selecting action...
2024-11-12 21:45:02,269 - DEBUG - Action selected: [ 0.16414516  0.0619835   0.11749206 -0.1782067   0.17490655 -0.32170904
 -0.16679776  0.03872935  0.11404763 -0.02575901 -0.16887406  0.1965276
  0.20682193 -0.07056454]
2024-11-12 21:45:02,269 - DEBUG - Taking step in environment...
2024-11-12 21:45:02,269 - DEBUG - Step taken, reward: -1.0533818929093077, done: False
2024-11-12 21:45:02,269 - DEBUG - Getting value from critic...
2024-11-12 21:45:02,270 - DEBUG - Value obtained: -0.3481372892856598
2024-11-12 21:45:02,270 - DEBUG - Selecting action...
2024-11-12 21:45:02,270 - DEBUG - Action selected: [ 0.16514541  0.06188232  0.11692612 -0.17934585  0.17443533 -0.32408226
 -0.16853167  0.03945822  0.11656929 -0.02565589 -0.17073707  0.1970513
  0.20865408 -0.0701055 ]
2024-11-12 21:45:02,270 - DEBUG - Taking step in environment...
2024-11-12 21:45:02,270 - DEBUG - Step taken, reward: -1.3343959260985723, done: True
2024-11-12 21:45:02,270 - DEBUG - Getting value from critic...
2024-11-12 21:45:02,270 - DEBUG - Value obtained: -0.34829699993133545
2024-11-12 21:45:02,270 - INFO - Episode 2 finished, starting agent update...
2024-11-12 21:45:02,286 - INFO - Episode 2, Reward: -3.1953130724051375, Time: 0.02 seconds
2024-11-12 21:45:02,287 - INFO - ________________________________________________________________________________________________________________________
2024-11-12 21:45:02,287 - INFO - Starting Episode 3
2024-11-12 21:45:02,287 - DEBUG - Selecting action...
2024-11-12 21:45:02,288 - DEBUG - Action selected: [ 0.23886576 -0.02106648  0.13007526 -0.22134915  0.269213   -0.39461768
 -0.22794366 -0.01773834  0.21887197  0.09161101 -0.24702801  0.305303
  0.1150082  -0.08817194]
2024-11-12 21:45:02,288 - DEBUG - Taking step in environment...
2024-11-12 21:45:02,288 - DEBUG - Step taken, reward: -0.6757295000704897, done: False
2024-11-12 21:45:02,288 - DEBUG - Getting value from critic...
2024-11-12 21:45:02,288 - DEBUG - Value obtained: -0.622507631778717
2024-11-12 21:45:02,288 - DEBUG - Selecting action...
2024-11-12 21:45:02,288 - DEBUG - Action selected: [ 0.24054383 -0.02198151  0.12840348 -0.22268687  0.26824468 -0.39767575
 -0.23049565 -0.01832273  0.22142848  0.0916201  -0.24835722  0.30644777
  0.11746196 -0.0865026 ]
2024-11-12 21:45:02,288 - DEBUG - Taking step in environment...
2024-11-12 21:45:02,288 - DEBUG - Step taken, reward: -1.0422055138049133, done: False
2024-11-12 21:45:02,288 - DEBUG - Getting value from critic...
2024-11-12 21:45:02,289 - DEBUG - Value obtained: -0.6247595548629761
2024-11-12 21:45:02,289 - DEBUG - Selecting action...
2024-11-12 21:45:02,289 - DEBUG - Action selected: [ 0.2422266  -0.0227345   0.12641476 -0.22347057  0.2674477  -0.40070674
 -0.23297383 -0.01885348  0.22359681  0.09138652 -0.24946296  0.30731827
  0.11961994 -0.08514429]
2024-11-12 21:45:02,289 - DEBUG - Taking step in environment...
2024-11-12 21:45:02,289 - DEBUG - Step taken, reward: -1.4599659248490475, done: True
2024-11-12 21:45:02,289 - DEBUG - Getting value from critic...
2024-11-12 21:45:02,289 - DEBUG - Value obtained: -0.627102255821228
2024-11-12 21:45:02,289 - INFO - Episode 3 finished, starting agent update...
2024-11-12 21:45:02,304 - INFO - Episode 3, Reward: -3.1779009387244503, Time: 0.02 seconds
2024-11-12 21:45:02,305 - INFO - ________________________________________________________________________________________________________________________
2024-11-12 21:45:02,305 - INFO - Starting Episode 4
2024-11-12 21:45:02,305 - DEBUG - Selecting action...
2024-11-12 21:45:02,305 - DEBUG - Action selected: [ 0.2974986  -0.09372753  0.14764561 -0.28089046  0.3564187  -0.46763313
 -0.29313552 -0.09324564  0.3318853   0.19553332 -0.31805825  0.3933064
  0.04282378 -0.0906321 ]
2024-11-12 21:45:02,305 - DEBUG - Taking step in environment...
2024-11-12 21:45:02,305 - DEBUG - Step taken, reward: -0.9838811620562659, done: False
2024-11-12 21:45:02,305 - DEBUG - Getting value from critic...
2024-11-12 21:45:02,306 - DEBUG - Value obtained: -0.8722642064094543
2024-11-12 21:45:02,306 - DEBUG - Selecting action...
2024-11-12 21:45:02,306 - DEBUG - Action selected: [ 0.29933736 -0.09390858  0.14522415 -0.28273085  0.35614896 -0.47052923
 -0.29636165 -0.09373203  0.33485374  0.19437928 -0.31904748  0.39340764
  0.04544758 -0.08821885]
2024-11-12 21:45:02,306 - DEBUG - Taking step in environment...
2024-11-12 21:45:02,306 - DEBUG - Step taken, reward: -1.4306775536908534, done: True
2024-11-12 21:45:02,306 - DEBUG - Getting value from critic...
2024-11-12 21:45:02,306 - DEBUG - Value obtained: -0.877988338470459
2024-11-12 21:45:02,306 - INFO - Episode 4 finished, starting agent update...
2024-11-12 21:45:02,326 - INFO - Episode 4, Reward: -2.4145587157471193, Time: 0.02 seconds
2024-11-12 21:45:02,326 - INFO - ________________________________________________________________________________________________________________________
2024-11-12 21:45:02,327 - INFO - Starting Episode 5
2024-11-12 21:45:02,327 - DEBUG - Selecting action...
2024-11-12 21:45:02,327 - DEBUG - Action selected: [ 0.34945366 -0.15032421  0.21015519 -0.3604661   0.43469036 -0.5323079
 -0.3410783  -0.16946705  0.4266255   0.2810378  -0.37971592  0.46409944
 -0.01196706 -0.06733592]
2024-11-12 21:45:02,327 - DEBUG - Taking step in environment...
2024-11-12 21:45:02,327 - DEBUG - Step taken, reward: -0.8536797357224115, done: False
2024-11-12 21:45:02,327 - DEBUG - Getting value from critic...
2024-11-12 21:45:02,327 - DEBUG - Value obtained: -1.099083423614502
2024-11-12 21:45:02,327 - DEBUG - Selecting action...
2024-11-12 21:45:02,328 - DEBUG - Action selected: [ 0.3509471  -0.15140401  0.20750575 -0.361995    0.43419185 -0.53604555
 -0.34527126 -0.17035122  0.430432    0.2796149  -0.38045156  0.46432665
 -0.00824476 -0.06449001]
2024-11-12 21:45:02,328 - DEBUG - Taking step in environment...
2024-11-12 21:45:02,328 - DEBUG - Step taken, reward: -1.5150751348396256, done: True
2024-11-12 21:45:02,328 - DEBUG - Getting value from critic...
2024-11-12 21:45:02,328 - DEBUG - Value obtained: -1.1087292432785034
2024-11-12 21:45:02,328 - INFO - Episode 5 finished, starting agent update...
2024-11-12 21:45:02,347 - INFO - Episode 5, Reward: -2.368754870562037, Time: 0.02 seconds
2024-11-12 21:45:02,347 - INFO - ________________________________________________________________________________________________________________________
2024-11-12 21:45:02,347 - INFO - Starting Episode 6
2024-11-12 21:45:02,347 - DEBUG - Selecting action...
2024-11-12 21:45:02,347 - DEBUG - Action selected: [ 0.3920836  -0.20984943  0.284503   -0.42586064  0.49368992 -0.60324484
 -0.38923493 -0.24066776  0.5042365   0.3419474  -0.43510035  0.52772677
 -0.05166842 -0.01092399]
2024-11-12 21:45:02,348 - DEBUG - Taking step in environment...
2024-11-12 21:45:02,348 - DEBUG - Step taken, reward: -1.105563872511101, done: False
2024-11-12 21:45:02,348 - DEBUG - Getting value from critic...
2024-11-12 21:45:02,348 - DEBUG - Value obtained: -1.2590252161026
2024-11-12 21:45:02,348 - DEBUG - Selecting action...
2024-11-12 21:45:02,348 - DEBUG - Action selected: [ 0.39297765 -0.2111807   0.28143278 -0.42719856  0.49291652 -0.6068383
 -0.39458403 -0.24130784  0.5083128   0.3401978  -0.4358467   0.52744997
 -0.0473734  -0.00804697]
2024-11-12 21:45:02,348 - DEBUG - Taking step in environment...
2024-11-12 21:45:02,348 - DEBUG - Step taken, reward: -1.884675428112894, done: True
2024-11-12 21:45:02,348 - DEBUG - Getting value from critic...
2024-11-12 21:45:02,348 - DEBUG - Value obtained: -1.271851897239685
2024-11-12 21:45:02,348 - INFO - Episode 6 finished, starting agent update...
2024-11-12 21:45:02,366 - INFO - Episode 6, Reward: -2.990239300623995, Time: 0.02 seconds
2024-11-12 21:45:02,366 - INFO - ________________________________________________________________________________________________________________________
2024-11-12 21:45:02,367 - INFO - Starting Episode 7
2024-11-12 21:45:02,367 - DEBUG - Selecting action...
2024-11-12 21:45:02,367 - DEBUG - Action selected: [ 0.4409394  -0.2650022   0.37314615 -0.49876255  0.548806   -0.6742742
 -0.4349637  -0.31276473  0.57656676  0.40481883 -0.49112645  0.5886069
 -0.07662815  0.07307631]
2024-11-12 21:45:02,368 - DEBUG - Taking step in environment...
2024-11-12 21:45:02,368 - DEBUG - Step taken, reward: -1.4527601262540815, done: True
2024-11-12 21:45:02,368 - DEBUG - Getting value from critic...
2024-11-12 21:45:02,368 - DEBUG - Value obtained: -1.4460500478744507
2024-11-12 21:45:02,368 - INFO - Episode 7 finished, starting agent update...
2024-11-12 21:45:02,383 - INFO - Episode 7, Reward: -1.4527601262540815, Time: 0.02 seconds
2024-11-12 21:45:02,383 - INFO - ________________________________________________________________________________________________________________________
2024-11-12 21:45:02,384 - INFO - Starting Episode 8
2024-11-12 21:45:02,384 - DEBUG - Selecting action...
2024-11-12 21:45:02,384 - DEBUG - Action selected: [ 0.4636198  -0.30743074  0.43518883 -0.5390379   0.5744098  -0.71625
 -0.46193573 -0.3688853   0.61264706  0.43825617 -0.5205706   0.6237898
 -0.08973408  0.14512827]
2024-11-12 21:45:02,384 - DEBUG - Taking step in environment...
2024-11-12 21:45:02,384 - DEBUG - Step taken, reward: -1.4906630840985526, done: True
2024-11-12 21:45:02,384 - DEBUG - Getting value from critic...
2024-11-12 21:45:02,385 - DEBUG - Value obtained: -1.5106369256973267
2024-11-12 21:45:02,385 - INFO - Episode 8 finished, starting agent update...
2024-11-12 21:45:02,399 - INFO - Episode 8, Reward: -1.4906630840985526, Time: 0.02 seconds
2024-11-12 21:45:02,399 - INFO - ________________________________________________________________________________________________________________________
2024-11-12 21:45:02,399 - INFO - Starting Episode 9
2024-11-12 21:45:02,400 - DEBUG - Selecting action...
2024-11-12 21:45:02,400 - DEBUG - Action selected: [ 0.47813848 -0.32407427  0.46619663 -0.56156194  0.58920413 -0.7367483
 -0.4744111  -0.3933012   0.6317746   0.45843786 -0.5377183   0.6394823
 -0.0951008   0.17394488]
2024-11-12 21:45:02,400 - DEBUG - Taking step in environment...
2024-11-12 21:45:02,400 - DEBUG - Step taken, reward: -1.1357174564631667, done: True
2024-11-12 21:45:02,400 - DEBUG - Getting value from critic...
2024-11-12 21:45:02,400 - DEBUG - Value obtained: -1.4841892719268799
2024-11-12 21:45:02,400 - INFO - Episode 9 finished, starting agent update...
2024-11-12 21:45:02,417 - INFO - Episode 9, Reward: -1.1357174564631667, Time: 0.02 seconds
2024-11-12 21:45:02,417 - INFO - ________________________________________________________________________________________________________________________
2024-11-12 21:45:02,417 - INFO - Starting Episode 10
2024-11-12 21:45:02,417 - DEBUG - Selecting action...
2024-11-12 21:45:02,418 - DEBUG - Action selected: [ 0.48005477 -0.32663167  0.46973884 -0.56407875  0.5893004  -0.7376054
 -0.47484732 -0.39702782  0.6311533   0.4584003  -0.5376217   0.6406873
 -0.097085    0.17690001]
2024-11-12 21:45:02,418 - DEBUG - Taking step in environment...
2024-11-12 21:45:02,418 - DEBUG - Step taken, reward: -1.0909948790968107, done: True
2024-11-12 21:45:02,418 - DEBUG - Getting value from critic...
2024-11-12 21:45:02,418 - DEBUG - Value obtained: -1.2646231651306152
2024-11-12 21:45:02,418 - INFO - Episode 10 finished, starting agent update...
2024-11-12 21:45:02,434 - INFO - Episode 10, Reward: -1.0909948790968107, Time: 0.02 seconds
2024-11-12 21:45:02,435 - INFO - ________________________________________________________________________________________________________________________
2024-11-12 21:45:02,435 - INFO - Starting Episode 11
2024-11-12 21:45:02,435 - DEBUG - Selecting action...
2024-11-12 21:45:02,435 - DEBUG - Action selected: [ 0.48061287 -0.32652518  0.4722778  -0.5655747   0.5919818  -0.73901004
 -0.47416395 -0.39830837  0.6320216   0.4615356  -0.5387064   0.64203715
 -0.10048309  0.17571431]
2024-11-12 21:45:02,435 - DEBUG - Taking step in environment...
2024-11-12 21:45:02,435 - DEBUG - Step taken, reward: -0.8615447609404614, done: False
2024-11-12 21:45:02,436 - DEBUG - Getting value from critic...
2024-11-12 21:45:02,436 - DEBUG - Value obtained: -1.066313624382019
2024-11-12 21:45:02,436 - DEBUG - Selecting action...
2024-11-12 21:45:02,436 - DEBUG - Action selected: [ 0.4824388  -0.3289434   0.47084913 -0.56785023  0.592376   -0.7425875
 -0.48052344 -0.40116754  0.636731    0.4612222  -0.54084104  0.64339143
 -0.09645128  0.18085612]
2024-11-12 21:45:02,436 - DEBUG - Taking step in environment...
2024-11-12 21:45:02,436 - DEBUG - Step taken, reward: -1.8810979496521758, done: True
2024-11-12 21:45:02,436 - DEBUG - Getting value from critic...
2024-11-12 21:45:02,436 - DEBUG - Value obtained: -1.0814435482025146
2024-11-12 21:45:02,436 - INFO - Episode 11 finished, starting agent update...
2024-11-12 21:45:02,452 - INFO - Episode 11, Reward: -2.742642710592637, Time: 0.02 seconds
2024-11-12 21:45:02,452 - INFO - ________________________________________________________________________________________________________________________
2024-11-12 21:45:02,453 - INFO - Starting Episode 12
2024-11-12 21:45:02,453 - DEBUG - Selecting action...
2024-11-12 21:45:02,453 - DEBUG - Action selected: [ 0.4818831  -0.33308932  0.472658   -0.5707916   0.5952227  -0.74556386
 -0.4849714  -0.40201196  0.64019257  0.46415746 -0.5433294   0.6458539
 -0.09090709  0.19388013]
2024-11-12 21:45:02,453 - DEBUG - Taking step in environment...
2024-11-12 21:45:02,453 - DEBUG - Step taken, reward: -1.2474293885802121, done: True
2024-11-12 21:45:02,454 - DEBUG - Getting value from critic...
2024-11-12 21:45:02,454 - DEBUG - Value obtained: -1.1483728885650635
2024-11-12 21:45:02,454 - INFO - Episode 12 finished, starting agent update...
2024-11-12 21:45:02,473 - INFO - Episode 12, Reward: -1.2474293885802121, Time: 0.02 seconds
2024-11-12 21:45:02,475 - INFO - ________________________________________________________________________________________________________________________
2024-11-12 21:45:02,475 - INFO - Starting Episode 13
2024-11-12 21:45:02,475 - DEBUG - Selecting action...
2024-11-12 21:45:02,475 - DEBUG - Action selected: [ 0.49358824 -0.34254903  0.47427198 -0.5831389   0.60122746 -0.7548942
 -0.5012147  -0.41027138  0.65169144  0.46913123 -0.549903    0.6521504
 -0.07445133  0.21585135]
2024-11-12 21:45:02,475 - DEBUG - Taking step in environment...
2024-11-12 21:45:02,475 - DEBUG - Step taken, reward: -1.151535416524248, done: False
2024-11-12 21:45:02,475 - DEBUG - Getting value from critic...
2024-11-12 21:45:02,476 - DEBUG - Value obtained: -1.3029876947402954
2024-11-12 21:45:02,476 - DEBUG - Selecting action...
2024-11-12 21:45:02,476 - DEBUG - Action selected: [ 0.49513033 -0.34437785  0.47268984 -0.58470434  0.60174155 -0.7581685
 -0.5075606  -0.41200975  0.6561285   0.46849325 -0.5522536   0.6528786
 -0.07040051  0.22060731]
2024-11-12 21:45:02,476 - DEBUG - Taking step in environment...
2024-11-12 21:45:02,476 - DEBUG - Step taken, reward: -2.2160362018055957, done: True
2024-11-12 21:45:02,476 - DEBUG - Getting value from critic...
2024-11-12 21:45:02,476 - DEBUG - Value obtained: -1.3222694396972656
2024-11-12 21:45:02,476 - INFO - Episode 13 finished, starting agent update...
2024-11-12 21:45:02,493 - INFO - Episode 13, Reward: -3.3675716183298436, Time: 0.02 seconds
2024-11-12 21:45:02,493 - INFO - ________________________________________________________________________________________________________________________
2024-11-12 21:45:02,493 - INFO - Starting Episode 14
2024-11-12 21:45:02,493 - DEBUG - Selecting action...
2024-11-12 21:45:02,494 - DEBUG - Action selected: [ 0.5036804  -0.35513     0.4750775  -0.5922197   0.60074276 -0.76847124
 -0.5251178  -0.4216222   0.66371787  0.4651553  -0.5593078   0.6562391
 -0.03542283  0.2666016 ]
2024-11-12 21:45:02,494 - DEBUG - Taking step in environment...
2024-11-12 21:45:02,494 - DEBUG - Step taken, reward: -1.3532799011157457, done: False
2024-11-12 21:45:02,494 - DEBUG - Getting value from critic...
2024-11-12 21:45:02,494 - DEBUG - Value obtained: -1.5529059171676636
2024-11-12 21:45:02,494 - DEBUG - Selecting action...
2024-11-12 21:45:02,494 - DEBUG - Action selected: [ 0.50470793 -0.35620168  0.47376803 -0.5928264   0.60143316 -0.7711312
 -0.5311236  -0.42203495  0.6680054   0.46432233 -0.56184584  0.6562761
 -0.03132456  0.27037466]
2024-11-12 21:45:02,494 - DEBUG - Taking step in environment...
2024-11-12 21:45:02,494 - DEBUG - Step taken, reward: -2.331645917890987, done: True
2024-11-12 21:45:02,494 - DEBUG - Getting value from critic...
2024-11-12 21:45:02,494 - DEBUG - Value obtained: -1.5762407779693604
2024-11-12 21:45:02,494 - INFO - Episode 14 finished, starting agent update...
2024-11-12 21:45:02,514 - INFO - Episode 14, Reward: -3.684925819006733, Time: 0.02 seconds
2024-11-12 21:45:02,515 - INFO - ________________________________________________________________________________________________________________________
2024-11-12 21:45:02,515 - INFO - Starting Episode 15
2024-11-12 21:45:02,515 - DEBUG - Selecting action...
2024-11-12 21:45:02,515 - DEBUG - Action selected: [ 0.53158563 -0.3996445   0.509053   -0.64458996  0.6195497  -0.8103919
 -0.5786015  -0.4715491   0.70463246  0.4858661  -0.5872466   0.6818807
  0.0693411   0.39417392]
2024-11-12 21:45:02,515 - DEBUG - Taking step in environment...
2024-11-12 21:45:02,516 - DEBUG - Step taken, reward: -1.2300755763786726, done: True
2024-11-12 21:45:02,516 - DEBUG - Getting value from critic...
2024-11-12 21:45:02,516 - DEBUG - Value obtained: -1.891079068183899
2024-11-12 21:45:02,516 - INFO - Episode 15 finished, starting agent update...
2024-11-12 21:45:02,535 - INFO - Episode 15, Reward: -1.2300755763786726, Time: 0.02 seconds
2024-11-12 21:45:02,535 - INFO - ________________________________________________________________________________________________________________________
2024-11-12 21:45:02,536 - INFO - Starting Episode 16
2024-11-12 21:45:02,536 - DEBUG - Selecting action...
2024-11-12 21:45:02,537 - DEBUG - Action selected: [ 0.5451422  -0.4220281   0.52432173 -0.6734227   0.625404   -0.83095187
 -0.60710573 -0.49804303  0.722763    0.4916252  -0.59971774  0.6918247
  0.13673986  0.4657484 ]
2024-11-12 21:45:02,537 - DEBUG - Taking step in environment...
2024-11-12 21:45:02,537 - DEBUG - Step taken, reward: -1.6202619179788924, done: True
2024-11-12 21:45:02,537 - DEBUG - Getting value from critic...
2024-11-12 21:45:02,537 - DEBUG - Value obtained: -1.5444464683532715
2024-11-12 21:45:02,537 - INFO - Episode 16 finished, starting agent update...
2024-11-12 21:45:02,558 - INFO - Episode 16, Reward: -1.6202619179788924, Time: 0.02 seconds
2024-11-12 21:45:02,558 - INFO - ________________________________________________________________________________________________________________________
2024-11-12 21:45:02,558 - INFO - Starting Episode 17
2024-11-12 21:45:02,558 - DEBUG - Selecting action...
2024-11-12 21:45:02,559 - DEBUG - Action selected: [ 0.5383789  -0.4134858   0.50865895 -0.664854    0.62117606 -0.827066
 -0.60488486 -0.48541647  0.71898746  0.48476532 -0.59565777  0.68542826
  0.12734921  0.4590361 ]
2024-11-12 21:45:02,559 - DEBUG - Taking step in environment...
2024-11-12 21:45:02,559 - DEBUG - Step taken, reward: -1.6277600899079732, done: True
2024-11-12 21:45:02,559 - DEBUG - Getting value from critic...
2024-11-12 21:45:02,559 - DEBUG - Value obtained: -1.3574154376983643
2024-11-12 21:45:02,559 - INFO - Episode 17 finished, starting agent update...
2024-11-12 21:45:02,580 - INFO - Episode 17, Reward: -1.6277600899079732, Time: 0.02 seconds
2024-11-12 21:45:02,580 - INFO - ________________________________________________________________________________________________________________________
2024-11-12 21:45:02,580 - INFO - Starting Episode 18
2024-11-12 21:45:02,580 - DEBUG - Selecting action...
2024-11-12 21:45:02,580 - DEBUG - Action selected: [ 0.5436096  -0.41233194  0.5064029  -0.6675531   0.6260182  -0.8297579
 -0.6107372  -0.48643613  0.7228472   0.49014208 -0.6005549   0.68645144
  0.12320819  0.45959342]
2024-11-12 21:45:02,580 - DEBUG - Taking step in environment...
2024-11-12 21:45:02,580 - DEBUG - Step taken, reward: -1.0255232600500106, done: False
2024-11-12 21:45:02,580 - DEBUG - Getting value from critic...
2024-11-12 21:45:02,581 - DEBUG - Value obtained: -1.507338523864746
2024-11-12 21:45:02,581 - DEBUG - Selecting action...
2024-11-12 21:45:02,581 - DEBUG - Action selected: [ 0.545199   -0.41394055  0.50585634 -0.6692417   0.6274384  -0.8329861
 -0.6176494  -0.4884558   0.72738457  0.49034953 -0.60414463  0.68710536
  0.12865356  0.46495894]
2024-11-12 21:45:02,581 - DEBUG - Taking step in environment...
2024-11-12 21:45:02,581 - DEBUG - Step taken, reward: -2.0476919619804668, done: True
2024-11-12 21:45:02,581 - DEBUG - Getting value from critic...
2024-11-12 21:45:02,581 - DEBUG - Value obtained: -1.5365132093429565
2024-11-12 21:45:02,581 - INFO - Episode 18 finished, starting agent update...
2024-11-12 21:45:02,601 - INFO - Episode 18, Reward: -3.0732152220304774, Time: 0.02 seconds
2024-11-12 21:45:02,602 - INFO - ________________________________________________________________________________________________________________________
2024-11-12 21:45:02,602 - INFO - Starting Episode 19
2024-11-12 21:45:02,602 - DEBUG - Selecting action...
2024-11-12 21:45:02,603 - DEBUG - Action selected: [ 0.5463058  -0.40794116  0.51085037 -0.67573065  0.6354094  -0.83626646
 -0.6205527  -0.4829272   0.72853625  0.48680064 -0.6034892   0.6974627
  0.15565498  0.48152643]
2024-11-12 21:45:02,603 - DEBUG - Taking step in environment...
2024-11-12 21:45:02,603 - DEBUG - Step taken, reward: -1.3887329208173451, done: True
2024-11-12 21:45:02,603 - DEBUG - Getting value from critic...
2024-11-12 21:45:02,604 - DEBUG - Value obtained: -1.5914889574050903
2024-11-12 21:45:02,604 - INFO - Episode 19 finished, starting agent update...
2024-11-12 21:45:02,623 - INFO - Episode 19, Reward: -1.3887329208173451, Time: 0.02 seconds
2024-11-12 21:45:02,623 - INFO - ________________________________________________________________________________________________________________________
2024-11-12 21:45:02,623 - INFO - Starting Episode 20
2024-11-12 21:45:02,623 - DEBUG - Selecting action...
2024-11-12 21:45:02,624 - DEBUG - Action selected: [ 0.5538999  -0.4003291   0.50661534 -0.67729086  0.6419518  -0.8362213
 -0.626109   -0.4738295   0.72911555  0.47654855 -0.60296685  0.7044741
  0.18057391  0.4889512 ]
2024-11-12 21:45:02,624 - DEBUG - Taking step in environment...
2024-11-12 21:45:02,624 - DEBUG - Step taken, reward: -1.2060098215524422, done: True
2024-11-12 21:45:02,624 - DEBUG - Getting value from critic...
2024-11-12 21:45:02,624 - DEBUG - Value obtained: -1.476952075958252
2024-11-12 21:45:02,624 - INFO - Episode 20 finished, starting agent update...
2024-11-12 21:45:02,643 - INFO - Episode 20, Reward: -1.2060098215524422, Time: 0.02 seconds
2024-11-12 21:45:02,643 - INFO - ________________________________________________________________________________________________________________________
2024-11-12 21:45:02,643 - INFO - Starting Episode 21
2024-11-12 21:45:02,643 - DEBUG - Selecting action...
2024-11-12 21:45:02,643 - DEBUG - Action selected: [ 0.5492793  -0.40291494  0.5064571  -0.6766356   0.6403521  -0.8373499
 -0.6262796  -0.47532746  0.7296876   0.4771816  -0.60382205  0.703507
  0.17863625  0.49216172]
2024-11-12 21:45:02,643 - DEBUG - Taking step in environment...
2024-11-12 21:45:02,644 - DEBUG - Step taken, reward: -1.6142538449329193, done: True
2024-11-12 21:45:02,644 - DEBUG - Getting value from critic...
2024-11-12 21:45:02,644 - DEBUG - Value obtained: -1.2797086238861084
2024-11-12 21:45:02,644 - INFO - Episode 21 finished, starting agent update...
2024-11-12 21:45:02,660 - INFO - Episode 21, Reward: -1.6142538449329193, Time: 0.02 seconds
2024-11-12 21:45:02,660 - INFO - ________________________________________________________________________________________________________________________
2024-11-12 21:45:02,660 - INFO - Starting Episode 22
2024-11-12 21:45:02,660 - DEBUG - Selecting action...
2024-11-12 21:45:02,661 - DEBUG - Action selected: [ 0.55666554 -0.40479916  0.5091792  -0.67963475  0.6435806  -0.8410337
 -0.6304119  -0.47534162  0.7335685   0.4759079  -0.60778755  0.70815766
  0.18352024  0.49760303]
2024-11-12 21:45:02,661 - DEBUG - Taking step in environment...
2024-11-12 21:45:02,661 - DEBUG - Step taken, reward: -1.5315260370667276, done: True
2024-11-12 21:45:02,661 - DEBUG - Getting value from critic...
2024-11-12 21:45:02,661 - DEBUG - Value obtained: -1.3693424463272095
2024-11-12 21:45:02,661 - INFO - Episode 22 finished, starting agent update...
2024-11-12 21:45:02,678 - INFO - Episode 22, Reward: -1.5315260370667276, Time: 0.02 seconds
2024-11-12 21:45:02,680 - INFO - ________________________________________________________________________________________________________________________
2024-11-12 21:45:02,680 - INFO - Starting Episode 23
2024-11-12 21:45:02,680 - DEBUG - Selecting action...
2024-11-12 21:45:02,680 - DEBUG - Action selected: [ 0.5508238  -0.39795813  0.5041118  -0.6757653   0.6413627  -0.8358689
 -0.62775385 -0.46953538  0.72773135  0.46938074 -0.5985792   0.7060493
  0.19142893  0.49498922]
2024-11-12 21:45:02,680 - DEBUG - Taking step in environment...
2024-11-12 21:45:02,680 - DEBUG - Step taken, reward: -1.5511321050759646, done: False
2024-11-12 21:45:02,680 - DEBUG - Getting value from critic...
2024-11-12 21:45:02,681 - DEBUG - Value obtained: -1.5284630060195923
2024-11-12 21:45:02,681 - DEBUG - Selecting action...
2024-11-12 21:45:02,681 - DEBUG - Action selected: [ 0.5529644  -0.39760694  0.504759   -0.6775612   0.6446629  -0.8392943
 -0.6340944  -0.46985653  0.73223627  0.4685577  -0.6019104   0.70807946
  0.19940287  0.5015359 ]
2024-11-12 21:45:02,681 - DEBUG - Taking step in environment...
2024-11-12 21:45:02,681 - DEBUG - Step taken, reward: -2.674742038089403, done: True
2024-11-12 21:45:02,681 - DEBUG - Getting value from critic...
2024-11-12 21:45:02,681 - DEBUG - Value obtained: -1.5586210489273071
2024-11-12 21:45:02,681 - INFO - Episode 23 finished, starting agent update...
2024-11-12 21:45:02,698 - INFO - Episode 23, Reward: -4.225874143165368, Time: 0.02 seconds
2024-11-12 21:45:02,698 - INFO - ________________________________________________________________________________________________________________________
2024-11-12 21:45:02,699 - INFO - Starting Episode 24
2024-11-12 21:45:02,699 - DEBUG - Selecting action...
2024-11-12 21:45:02,699 - DEBUG - Action selected: [ 0.5801998  -0.3668804   0.5505738  -0.69902277  0.66884923 -0.8509372
 -0.6536197  -0.44557765  0.7430408   0.43279737 -0.61513567  0.7429959
  0.30919075  0.54663724]
2024-11-12 21:45:02,699 - DEBUG - Taking step in environment...
2024-11-12 21:45:02,699 - DEBUG - Step taken, reward: -1.3478305348169786, done: True
2024-11-12 21:45:02,699 - DEBUG - Getting value from critic...
2024-11-12 21:45:02,699 - DEBUG - Value obtained: -1.9336251020431519
2024-11-12 21:45:02,699 - INFO - Episode 24 finished, starting agent update...
2024-11-12 21:45:02,714 - INFO - Episode 24, Reward: -1.3478305348169786, Time: 0.01 seconds
2024-11-12 21:45:02,715 - INFO - ________________________________________________________________________________________________________________________
2024-11-12 21:45:02,715 - INFO - Starting Episode 25
2024-11-12 21:45:02,715 - DEBUG - Selecting action...
2024-11-12 21:45:02,715 - DEBUG - Action selected: [ 0.59757525 -0.34269953  0.5909725  -0.7237555   0.69001365 -0.86417305
 -0.67409545 -0.4276704   0.76069385  0.40836298 -0.6293571   0.76854026
  0.40696266  0.59244424]
2024-11-12 21:45:02,715 - DEBUG - Taking step in environment...
2024-11-12 21:45:02,715 - DEBUG - Step taken, reward: -1.321512532490241, done: True
2024-11-12 21:45:02,715 - DEBUG - Getting value from critic...
2024-11-12 21:45:02,716 - DEBUG - Value obtained: -1.779483437538147
2024-11-12 21:45:02,716 - INFO - Episode 25 finished, starting agent update...
2024-11-12 21:45:02,736 - INFO - Episode 25, Reward: -1.321512532490241, Time: 0.02 seconds
2024-11-12 21:45:02,737 - INFO - ________________________________________________________________________________________________________________________
2024-11-12 21:45:02,737 - INFO - Starting Episode 26
2024-11-12 21:45:02,737 - DEBUG - Selecting action...
2024-11-12 21:45:02,738 - DEBUG - Action selected: [ 0.5902241  -0.3480769   0.575739   -0.7159319   0.6863664  -0.8609525
 -0.67010695 -0.43119878  0.75593233  0.41401407 -0.62204206  0.76341766
  0.38959128  0.5853648 ]
2024-11-12 21:45:02,738 - DEBUG - Taking step in environment...
2024-11-12 21:45:02,738 - DEBUG - Step taken, reward: -1.6111580330944808, done: True
2024-11-12 21:45:02,738 - DEBUG - Getting value from critic...
2024-11-12 21:45:02,738 - DEBUG - Value obtained: -1.3437080383300781
2024-11-12 21:45:02,738 - INFO - Episode 26 finished, starting agent update...
2024-11-12 21:45:02,753 - INFO - Episode 26, Reward: -1.6111580330944808, Time: 0.02 seconds
2024-11-12 21:45:02,753 - INFO - ________________________________________________________________________________________________________________________
2024-11-12 21:45:02,753 - INFO - Starting Episode 27
2024-11-12 21:45:02,753 - DEBUG - Selecting action...
2024-11-12 21:45:02,754 - DEBUG - Action selected: [ 0.5898276  -0.34784615  0.56990534 -0.7093202   0.682707   -0.856297
 -0.6661497  -0.428857    0.74972075  0.4100298  -0.61792094  0.76049805
  0.37914562  0.57503587]
2024-11-12 21:45:02,754 - DEBUG - Taking step in environment...
2024-11-12 21:45:02,754 - DEBUG - Step taken, reward: -1.1974576799281111, done: True
2024-11-12 21:45:02,754 - DEBUG - Getting value from critic...
2024-11-12 21:45:02,754 - DEBUG - Value obtained: -1.2955198287963867
2024-11-12 21:45:02,754 - INFO - Episode 27 finished, starting agent update...
2024-11-12 21:45:02,769 - INFO - Episode 27, Reward: -1.1974576799281111, Time: 0.02 seconds
2024-11-12 21:45:02,769 - INFO - ________________________________________________________________________________________________________________________
2024-11-12 21:45:02,770 - INFO - Starting Episode 28
2024-11-12 21:45:02,770 - DEBUG - Selecting action...
2024-11-12 21:45:02,770 - DEBUG - Action selected: [ 0.59092504 -0.3511955   0.58032596 -0.7176945   0.6911804  -0.86314654
 -0.6726473  -0.4337066   0.75831395  0.41751802 -0.62433916  0.7681053
  0.3898418   0.5887859 ]
2024-11-12 21:45:02,770 - DEBUG - Taking step in environment...
2024-11-12 21:45:02,770 - DEBUG - Step taken, reward: -1.4776635687341673, done: True
2024-11-12 21:45:02,770 - DEBUG - Getting value from critic...
2024-11-12 21:45:02,771 - DEBUG - Value obtained: -1.331531286239624
2024-11-12 21:45:02,771 - INFO - Episode 28 finished, starting agent update...
2024-11-12 21:45:02,785 - INFO - Episode 28, Reward: -1.4776635687341673, Time: 0.02 seconds
2024-11-12 21:45:02,785 - INFO - ________________________________________________________________________________________________________________________
2024-11-12 21:45:02,785 - INFO - Starting Episode 29
2024-11-12 21:45:02,785 - DEBUG - Selecting action...
2024-11-12 21:45:02,786 - DEBUG - Action selected: [ 0.5890695  -0.34775427  0.57430196 -0.71173185  0.68459994 -0.8586441
 -0.667148   -0.42679667  0.75292945  0.40939075 -0.6200016   0.7631062
  0.3851147   0.5819266 ]
2024-11-12 21:45:02,786 - DEBUG - Taking step in environment...
2024-11-12 21:45:02,786 - DEBUG - Step taken, reward: -1.2862859818175483, done: False
2024-11-12 21:45:02,786 - DEBUG - Getting value from critic...
2024-11-12 21:45:02,786 - DEBUG - Value obtained: -1.3513482809066772
2024-11-12 21:45:02,786 - DEBUG - Selecting action...
2024-11-12 21:45:02,786 - DEBUG - Action selected: [ 0.591751   -0.34616068  0.5770867  -0.7156876   0.689064   -0.8624124
 -0.67442816 -0.425953    0.75977045  0.40807062 -0.62559533  0.7658315
  0.3972182   0.58970577]
2024-11-12 21:45:02,786 - DEBUG - Taking step in environment...
2024-11-12 21:45:02,786 - DEBUG - Step taken, reward: -2.283687638909139, done: True
2024-11-12 21:45:02,786 - DEBUG - Getting value from critic...
2024-11-12 21:45:02,787 - DEBUG - Value obtained: -1.3845670223236084
2024-11-12 21:45:02,787 - INFO - Episode 29 finished, starting agent update...
2024-11-12 21:45:02,801 - INFO - Episode 29, Reward: -3.569973620726687, Time: 0.02 seconds
2024-11-12 21:45:02,802 - INFO - ________________________________________________________________________________________________________________________
2024-11-12 21:45:02,802 - INFO - Starting Episode 30
2024-11-12 21:45:02,802 - DEBUG - Selecting action...
2024-11-12 21:45:02,803 - DEBUG - Action selected: [ 0.62381387 -0.34340054  0.6194344  -0.742093    0.70644855 -0.874291
 -0.698109   -0.42860344  0.7787934   0.39854288 -0.6548242   0.78412217
  0.4571175   0.62011313]
2024-11-12 21:45:02,803 - DEBUG - Taking step in environment...
2024-11-12 21:45:02,803 - DEBUG - Step taken, reward: -1.2381340181921294, done: False
2024-11-12 21:45:02,803 - DEBUG - Getting value from critic...
2024-11-12 21:45:02,803 - DEBUG - Value obtained: -1.5929607152938843
2024-11-12 21:45:02,804 - DEBUG - Selecting action...
2024-11-12 21:45:02,804 - DEBUG - Action selected: [ 0.6273814  -0.34201413  0.622718   -0.7463006   0.7116855  -0.87818015
 -0.70582396 -0.42835602  0.78573555  0.39748967 -0.66084224  0.78736156
  0.4692733   0.62823254]
2024-11-12 21:45:02,804 - DEBUG - Taking step in environment...
2024-11-12 21:45:02,804 - DEBUG - Step taken, reward: -2.422997963440657, done: True
2024-11-12 21:45:02,804 - DEBUG - Getting value from critic...
2024-11-12 21:45:02,804 - DEBUG - Value obtained: -1.632917881011963
2024-11-12 21:45:02,804 - INFO - Episode 30 finished, starting agent update...
2024-11-12 21:45:02,821 - INFO - Episode 30, Reward: -3.6611319816327867, Time: 0.02 seconds
2024-11-12 21:45:02,821 - INFO - ________________________________________________________________________________________________________________________
2024-11-12 21:45:02,821 - INFO - Starting Episode 31
2024-11-12 21:45:02,821 - DEBUG - Selecting action...
2024-11-12 21:45:02,822 - DEBUG - Action selected: [ 0.7389224  -0.34590605  0.7564757  -0.82536393  0.77387154 -0.9135601
 -0.7799026  -0.46543112  0.8453524   0.3452411  -0.75428766  0.8489133
  0.6457034   0.7271049 ]
2024-11-12 21:45:02,822 - DEBUG - Taking step in environment...
2024-11-12 21:45:02,822 - DEBUG - Step taken, reward: -1.709396844545457, done: True
2024-11-12 21:45:02,822 - DEBUG - Getting value from critic...
2024-11-12 21:45:02,822 - DEBUG - Value obtained: -1.8390953540802002
2024-11-12 21:45:02,822 - INFO - Episode 31 finished, starting agent update...
2024-11-12 21:45:02,838 - INFO - Episode 31, Reward: -1.709396844545457, Time: 0.02 seconds
2024-11-12 21:45:02,839 - INFO - ________________________________________________________________________________________________________________________
2024-11-12 21:45:02,839 - INFO - Starting Episode 32
2024-11-12 21:45:02,839 - DEBUG - Selecting action...
2024-11-12 21:45:02,839 - DEBUG - Action selected: [ 0.8281122  -0.35834092  0.85399145 -0.8861656   0.8341579  -0.9429603
 -0.84554374 -0.5291609   0.8941237   0.2871419  -0.8323789   0.900063
  0.7779802   0.81398207]
2024-11-12 21:45:02,839 - DEBUG - Taking step in environment...
2024-11-12 21:45:02,840 - DEBUG - Step taken, reward: -1.5316896149013517, done: True
2024-11-12 21:45:02,840 - DEBUG - Getting value from critic...
2024-11-12 21:45:02,840 - DEBUG - Value obtained: -1.8287107944488525
2024-11-12 21:45:02,840 - INFO - Episode 32 finished, starting agent update...
2024-11-12 21:45:02,855 - INFO - Episode 32, Reward: -1.5316896149013517, Time: 0.02 seconds
2024-11-12 21:45:02,855 - INFO - ________________________________________________________________________________________________________________________
2024-11-12 21:45:02,855 - INFO - Starting Episode 33
2024-11-12 21:45:02,855 - DEBUG - Selecting action...
2024-11-12 21:45:02,856 - DEBUG - Action selected: [ 0.85041213 -0.36338314  0.87754166 -0.90265286  0.84954005 -0.9509306
 -0.86273044 -0.5352745   0.90864396  0.2791004  -0.8534242   0.912651
  0.8120902   0.8379459 ]
2024-11-12 21:45:02,856 - DEBUG - Taking step in environment...
2024-11-12 21:45:02,856 - DEBUG - Step taken, reward: -1.5576781004283633, done: True
2024-11-12 21:45:02,856 - DEBUG - Getting value from critic...
2024-11-12 21:45:02,856 - DEBUG - Value obtained: -1.6489832401275635
2024-11-12 21:45:02,856 - INFO - Episode 33 finished, starting agent update...
2024-11-12 21:45:02,875 - INFO - Episode 33, Reward: -1.5576781004283633, Time: 0.02 seconds
2024-11-12 21:45:02,875 - INFO - ________________________________________________________________________________________________________________________
2024-11-12 21:45:02,875 - INFO - Starting Episode 34
2024-11-12 21:45:02,875 - DEBUG - Selecting action...
2024-11-12 21:45:02,876 - DEBUG - Action selected: [ 0.85188144 -0.36033878  0.8802118  -0.9023515   0.8504339  -0.9507055
 -0.86436856 -0.5298239   0.908551    0.28096217 -0.85507584  0.9136527
  0.8146384   0.838018  ]
2024-11-12 21:45:02,876 - DEBUG - Taking step in environment...
2024-11-12 21:45:02,876 - DEBUG - Step taken, reward: -1.5125785452601619, done: True
2024-11-12 21:45:02,876 - DEBUG - Getting value from critic...
2024-11-12 21:45:02,876 - DEBUG - Value obtained: -1.4933712482452393
2024-11-12 21:45:02,876 - INFO - Episode 34 finished, starting agent update...
2024-11-12 21:45:02,893 - INFO - Episode 34, Reward: -1.5125785452601619, Time: 0.02 seconds
2024-11-12 21:45:02,893 - INFO - ________________________________________________________________________________________________________________________
2024-11-12 21:45:02,893 - INFO - Starting Episode 35
2024-11-12 21:45:02,894 - DEBUG - Selecting action...
2024-11-12 21:45:02,894 - DEBUG - Action selected: [ 0.85361624 -0.36184675  0.88286304 -0.9056072   0.8527894  -0.95178545
 -0.86627525 -0.53039974  0.91055554  0.28553453 -0.8562829   0.91533065
  0.81934214  0.84134483]
2024-11-12 21:45:02,894 - DEBUG - Taking step in environment...
2024-11-12 21:45:02,894 - DEBUG - Step taken, reward: -1.4195207272885249, done: True
2024-11-12 21:45:02,894 - DEBUG - Getting value from critic...
2024-11-12 21:45:02,894 - DEBUG - Value obtained: -1.4593982696533203
2024-11-12 21:45:02,894 - INFO - Episode 35 finished, starting agent update...
2024-11-12 21:45:02,911 - INFO - Episode 35, Reward: -1.4195207272885249, Time: 0.02 seconds
2024-11-12 21:45:02,911 - INFO - ________________________________________________________________________________________________________________________
2024-11-12 21:45:02,911 - INFO - Starting Episode 36
2024-11-12 21:45:02,911 - DEBUG - Selecting action...
2024-11-12 21:45:02,912 - DEBUG - Action selected: [ 0.8545708  -0.36109576  0.88458246 -0.90629417  0.8541547  -0.9526083
 -0.86760116 -0.53023136  0.91156083  0.28605255 -0.8580103   0.91637015
  0.82141584  0.84334695]
2024-11-12 21:45:02,912 - DEBUG - Taking step in environment...
2024-11-12 21:45:02,912 - DEBUG - Step taken, reward: -1.7070050783079904, done: True
2024-11-12 21:45:02,912 - DEBUG - Getting value from critic...
2024-11-12 21:45:02,912 - DEBUG - Value obtained: -1.4474414587020874
2024-11-12 21:45:02,912 - INFO - Episode 36 finished, starting agent update...
2024-11-12 21:45:02,928 - INFO - Episode 36, Reward: -1.7070050783079904, Time: 0.02 seconds
2024-11-12 21:45:02,928 - INFO - ________________________________________________________________________________________________________________________
2024-11-12 21:45:02,928 - INFO - Starting Episode 37
2024-11-12 21:45:02,928 - DEBUG - Selecting action...
2024-11-12 21:45:02,929 - DEBUG - Action selected: [ 0.8532437  -0.35626164  0.88228    -0.90449667  0.85106635 -0.951078
 -0.8654066  -0.5275405   0.9092962   0.27968687 -0.85594517  0.9141494
  0.8199364   0.8398376 ]
2024-11-12 21:45:02,929 - DEBUG - Taking step in environment...
2024-11-12 21:45:02,929 - DEBUG - Step taken, reward: -1.859319846559562, done: True
2024-11-12 21:45:02,929 - DEBUG - Getting value from critic...
2024-11-12 21:45:02,929 - DEBUG - Value obtained: -1.5610498189926147
2024-11-12 21:45:02,929 - INFO - Episode 37 finished, starting agent update...
2024-11-12 21:45:02,947 - INFO - Episode 37, Reward: -1.859319846559562, Time: 0.02 seconds
2024-11-12 21:45:02,947 - INFO - ________________________________________________________________________________________________________________________
2024-11-12 21:45:02,947 - INFO - Starting Episode 38
2024-11-12 21:45:02,947 - DEBUG - Selecting action...
2024-11-12 21:45:02,948 - DEBUG - Action selected: [ 0.8585812  -0.36129564  0.8854424  -0.90772796  0.8554928  -0.953055
 -0.86983925 -0.5399524   0.91266125  0.2745694  -0.8600337   0.9168926
  0.8246298   0.8454235 ]
2024-11-12 21:45:02,948 - DEBUG - Taking step in environment...
2024-11-12 21:45:02,948 - DEBUG - Step taken, reward: -1.5023526111177445, done: True
2024-11-12 21:45:02,948 - DEBUG - Getting value from critic...
2024-11-12 21:45:02,948 - DEBUG - Value obtained: -1.8256593942642212
2024-11-12 21:45:02,948 - INFO - Episode 38 finished, starting agent update...
2024-11-12 21:45:02,967 - INFO - Episode 38, Reward: -1.5023526111177445, Time: 0.02 seconds
2024-11-12 21:45:02,967 - INFO - ________________________________________________________________________________________________________________________
2024-11-12 21:45:02,967 - INFO - Starting Episode 39
2024-11-12 21:45:02,967 - DEBUG - Selecting action...
2024-11-12 21:45:02,967 - DEBUG - Action selected: [ 0.8549383  -0.35776418  0.88303715 -0.9045689   0.852181   -0.9512453
 -0.8659761  -0.538141    0.90929854  0.27174634 -0.8570521   0.9147055
  0.81983757  0.8413808 ]
2024-11-12 21:45:02,968 - DEBUG - Taking step in environment...
2024-11-12 21:45:02,968 - DEBUG - Step taken, reward: -1.3279345479560534, done: True
2024-11-12 21:45:02,968 - DEBUG - Getting value from critic...
2024-11-12 21:45:02,968 - DEBUG - Value obtained: -1.717847466468811
2024-11-12 21:45:02,968 - INFO - Episode 39 finished, starting agent update...
2024-11-12 21:45:02,982 - INFO - Episode 39, Reward: -1.3279345479560534, Time: 0.02 seconds
2024-11-12 21:45:02,982 - INFO - ________________________________________________________________________________________________________________________
2024-11-12 21:45:02,982 - INFO - Starting Episode 40
2024-11-12 21:45:02,982 - DEBUG - Selecting action...
2024-11-12 21:45:02,983 - DEBUG - Action selected: [ 0.8525129  -0.35838687  0.8812216  -0.9033294   0.84900177 -0.9504862
 -0.86383784 -0.53167677  0.9085128   0.27300933 -0.85499114  0.91286045
  0.81822854  0.83905345]
2024-11-12 21:45:02,983 - DEBUG - Taking step in environment...
2024-11-12 21:45:02,983 - DEBUG - Step taken, reward: -1.7294163679214258, done: True
2024-11-12 21:45:02,983 - DEBUG - Getting value from critic...
2024-11-12 21:45:02,984 - DEBUG - Value obtained: -1.4081100225448608
2024-11-12 21:45:02,984 - INFO - Episode 40 finished, starting agent update...
2024-11-12 21:45:03,001 - INFO - Episode 40, Reward: -1.7294163679214258, Time: 0.02 seconds
2024-11-12 21:45:03,002 - INFO - ________________________________________________________________________________________________________________________
2024-11-12 21:45:03,002 - INFO - Starting Episode 41
2024-11-12 21:45:03,002 - DEBUG - Selecting action...
2024-11-12 21:45:03,003 - DEBUG - Action selected: [ 0.8546873  -0.3611515   0.8837     -0.9046582   0.85228926 -0.9518679
 -0.8664461  -0.53742355  0.9103434   0.2749976  -0.8578814   0.9152181
  0.8198338   0.84188116]
2024-11-12 21:45:03,003 - DEBUG - Taking step in environment...
2024-11-12 21:45:03,003 - DEBUG - Step taken, reward: -1.6888959534632872, done: True
2024-11-12 21:45:03,003 - DEBUG - Getting value from critic...
2024-11-12 21:45:03,003 - DEBUG - Value obtained: -1.4424893856048584
2024-11-12 21:45:03,003 - INFO - Episode 41 finished, starting agent update...
2024-11-12 21:45:03,020 - INFO - Episode 41, Reward: -1.6888959534632872, Time: 0.02 seconds
2024-11-12 21:45:03,021 - INFO - ________________________________________________________________________________________________________________________
2024-11-12 21:45:03,021 - INFO - Starting Episode 42
2024-11-12 21:45:03,021 - DEBUG - Selecting action...
2024-11-12 21:45:03,022 - DEBUG - Action selected: [ 0.8549634  -0.3617384   0.8833017  -0.90473235  0.85242254 -0.95163476
 -0.8662849  -0.545213    0.9096149   0.26846638 -0.8572826   0.91487175
  0.819967    0.8424334 ]
2024-11-12 21:45:03,022 - DEBUG - Taking step in environment...
2024-11-12 21:45:03,022 - DEBUG - Step taken, reward: -1.9034195834184586, done: True
2024-11-12 21:45:03,022 - DEBUG - Getting value from critic...
2024-11-12 21:45:03,022 - DEBUG - Value obtained: -1.6300288438796997
2024-11-12 21:45:03,022 - INFO - Episode 42 finished, starting agent update...
2024-11-12 21:45:03,041 - INFO - Episode 42, Reward: -1.9034195834184586, Time: 0.02 seconds
2024-11-12 21:45:03,042 - INFO - ________________________________________________________________________________________________________________________
2024-11-12 21:45:03,042 - INFO - Starting Episode 43
2024-11-12 21:45:03,042 - DEBUG - Selecting action...
2024-11-12 21:45:03,042 - DEBUG - Action selected: [ 0.85961056 -0.36662194  0.88609856 -0.9075202   0.8561497  -0.9527292
 -0.8698788  -0.5619735   0.9119897   0.26379657 -0.8605274   0.91726595
  0.8240701   0.84508836]
2024-11-12 21:45:03,042 - DEBUG - Taking step in environment...
2024-11-12 21:45:03,042 - DEBUG - Step taken, reward: -1.6275889301954662, done: True
2024-11-12 21:45:03,042 - DEBUG - Getting value from critic...
2024-11-12 21:45:03,043 - DEBUG - Value obtained: -1.8785310983657837
2024-11-12 21:45:03,043 - INFO - Episode 43 finished, starting agent update...
2024-11-12 21:45:03,057 - INFO - Episode 43, Reward: -1.6275889301954662, Time: 0.02 seconds
2024-11-12 21:45:03,058 - INFO - ________________________________________________________________________________________________________________________
2024-11-12 21:45:03,058 - INFO - Starting Episode 44
2024-11-12 21:45:03,058 - DEBUG - Selecting action...
2024-11-12 21:45:03,058 - DEBUG - Action selected: [ 0.858949   -0.36489668  0.88656163 -0.9073444   0.8555748  -0.95309407
 -0.8691857  -0.564802    0.9119327   0.25508127 -0.8606858   0.91694766
  0.8258183   0.847361  ]
2024-11-12 21:45:03,058 - DEBUG - Taking step in environment...
2024-11-12 21:45:03,059 - DEBUG - Step taken, reward: -1.757827542583828, done: True
2024-11-12 21:45:03,059 - DEBUG - Getting value from critic...
2024-11-12 21:45:03,059 - DEBUG - Value obtained: -1.824135661125183
2024-11-12 21:45:03,059 - INFO - Episode 44 finished, starting agent update...
2024-11-12 21:45:03,073 - INFO - Episode 44, Reward: -1.757827542583828, Time: 0.01 seconds
2024-11-12 21:45:03,074 - INFO - ________________________________________________________________________________________________________________________
2024-11-12 21:45:03,074 - INFO - Starting Episode 45
2024-11-12 21:45:03,074 - DEBUG - Selecting action...
2024-11-12 21:45:03,074 - DEBUG - Action selected: [ 0.85921764 -0.36713108  0.88569576 -0.9072112   0.85564417 -0.952856
 -0.86952496 -0.56289643  0.912102    0.25980893 -0.86054015  0.9167447
  0.8238562   0.84599984]
2024-11-12 21:45:03,074 - DEBUG - Taking step in environment...
2024-11-12 21:45:03,074 - DEBUG - Step taken, reward: -1.7614398038241719, done: True
2024-11-12 21:45:03,074 - DEBUG - Getting value from critic...
2024-11-12 21:45:03,074 - DEBUG - Value obtained: -1.7009799480438232
2024-11-12 21:45:03,074 - INFO - Episode 45 finished, starting agent update...
2024-11-12 21:45:03,088 - INFO - Episode 45, Reward: -1.7614398038241719, Time: 0.01 seconds
2024-11-12 21:45:03,089 - INFO - ________________________________________________________________________________________________________________________
2024-11-12 21:45:03,089 - INFO - Starting Episode 46
2024-11-12 21:45:03,089 - DEBUG - Selecting action...
2024-11-12 21:45:03,089 - DEBUG - Action selected: [ 0.85711414 -0.3647984   0.8858096  -0.9072681   0.85540617 -0.95251995
 -0.8685423  -0.5608379   0.9117906   0.26066118 -0.85930294  0.9167723
  0.8251503   0.846441  ]
2024-11-12 21:45:03,089 - DEBUG - Taking step in environment...
2024-11-12 21:45:03,089 - DEBUG - Step taken, reward: -1.8379748302276573, done: True
2024-11-12 21:45:03,089 - DEBUG - Getting value from critic...
2024-11-12 21:45:03,090 - DEBUG - Value obtained: -1.710906744003296
2024-11-12 21:45:03,090 - INFO - Episode 46 finished, starting agent update...
2024-11-12 21:45:03,110 - INFO - Episode 46, Reward: -1.8379748302276573, Time: 0.02 seconds
2024-11-12 21:45:03,110 - INFO - ________________________________________________________________________________________________________________________
2024-11-12 21:45:03,110 - INFO - Starting Episode 47
2024-11-12 21:45:03,110 - DEBUG - Selecting action...
2024-11-12 21:45:03,111 - DEBUG - Action selected: [ 0.8612415  -0.36653113  0.8871553  -0.9083095   0.85703135 -0.9535063
 -0.8711126  -0.5659783   0.91296184  0.25992614 -0.8621553   0.917842
  0.8262991   0.8470763 ]
2024-11-12 21:45:03,111 - DEBUG - Taking step in environment...
2024-11-12 21:45:03,111 - DEBUG - Step taken, reward: -1.8730160536983649, done: True
2024-11-12 21:45:03,111 - DEBUG - Getting value from critic...
2024-11-12 21:45:03,111 - DEBUG - Value obtained: -1.8173147439956665
2024-11-12 21:45:03,111 - INFO - Episode 47 finished, starting agent update...
2024-11-12 21:45:03,130 - INFO - Episode 47, Reward: -1.8730160536983649, Time: 0.02 seconds
2024-11-12 21:45:03,130 - INFO - ________________________________________________________________________________________________________________________
2024-11-12 21:45:03,130 - INFO - Starting Episode 48
2024-11-12 21:45:03,130 - DEBUG - Selecting action...
2024-11-12 21:45:03,130 - DEBUG - Action selected: [ 0.862688   -0.36744392  0.8893606  -0.91089046  0.86015975 -0.9546772
 -0.87344027 -0.57042086  0.9153598   0.26004288 -0.8641244   0.91966593
  0.8305246   0.85101044]
2024-11-12 21:45:03,130 - DEBUG - Taking step in environment...
2024-11-12 21:45:03,131 - DEBUG - Step taken, reward: -1.7662796961380436, done: True
2024-11-12 21:45:03,131 - DEBUG - Getting value from critic...
2024-11-12 21:45:03,131 - DEBUG - Value obtained: -1.9152805805206299
2024-11-12 21:45:03,131 - INFO - Episode 48 finished, starting agent update...
2024-11-12 21:45:03,148 - INFO - Episode 48, Reward: -1.7662796961380436, Time: 0.02 seconds
2024-11-12 21:45:03,148 - INFO - ________________________________________________________________________________________________________________________
2024-11-12 21:45:03,148 - INFO - Starting Episode 49
2024-11-12 21:45:03,148 - DEBUG - Selecting action...
2024-11-12 21:45:03,149 - DEBUG - Action selected: [ 0.85981697 -0.36574176  0.8867803  -0.9083306   0.85681283 -0.9533728
 -0.87020075 -0.566176    0.9129352   0.25630832 -0.8613327   0.91744703
  0.826406    0.848448  ]
2024-11-12 21:45:03,149 - DEBUG - Taking step in environment...
2024-11-12 21:45:03,149 - DEBUG - Step taken, reward: -1.7567967351622185, done: True
2024-11-12 21:45:03,149 - DEBUG - Getting value from critic...
2024-11-12 21:45:03,149 - DEBUG - Value obtained: -1.8091627359390259
2024-11-12 21:45:03,150 - INFO - Episode 49 finished, starting agent update...
2024-11-12 21:45:03,170 - INFO - Episode 49, Reward: -1.7567967351622185, Time: 0.02 seconds
2024-11-12 21:45:03,170 - INFO - ________________________________________________________________________________________________________________________
2024-11-12 21:45:03,170 - INFO - Starting Episode 50
2024-11-12 21:45:03,170 - DEBUG - Selecting action...
2024-11-12 21:45:03,171 - DEBUG - Action selected: [ 0.8601118  -0.36541778  0.8862653  -0.9074229   0.85544837 -0.9529994
 -0.8696928  -0.56498206  0.9118768   0.25860116 -0.8609987   0.91671854
  0.82475716  0.84582525]
2024-11-12 21:45:03,171 - DEBUG - Taking step in environment...
2024-11-12 21:45:03,172 - DEBUG - Step taken, reward: -1.679927376271892, done: True
2024-11-12 21:45:03,172 - DEBUG - Getting value from critic...
2024-11-12 21:45:03,172 - DEBUG - Value obtained: -1.7250274419784546
2024-11-12 21:45:03,172 - INFO - Episode 50 finished, starting agent update...
2024-11-12 21:45:03,189 - INFO - Episode 50, Reward: -1.679927376271892, Time: 0.02 seconds
